21/04/07 16:38:22 INFO pig.ExecTypeProvider: Trying ExecType : LOCAL
21/04/07 16:38:22 INFO pig.ExecTypeProvider: Trying ExecType : MAPREDUCE
21/04/07 16:38:22 INFO pig.ExecTypeProvider: Picked MAPREDUCE as the ExecType
2021-04-07 16:38:22,411 [main] INFO  org.apache.pig.Main - Apache Pig version 0.15.0 (r1682971) compiled Jun 01 2015, 11:44:35
2021-04-07 16:38:22,411 [main] INFO  org.apache.pig.Main - Logging error messages to: /home/2020/mgurka/ass3/pig_1617827902410.log
2021-04-07 16:38:22,890 [main] INFO  org.apache.pig.impl.util.Utils - Default bootup file /home/2020/mgurka/.pigbootup not found
2021-04-07 16:38:22,993 [main] INFO  org.apache.hadoop.conf.Configuration.deprecation - mapred.job.tracker is deprecated. Instead, use mapreduce.jobtracker.address
2021-04-07 16:38:22,993 [main] INFO  org.apache.hadoop.conf.Configuration.deprecation - fs.default.name is deprecated. Instead, use fs.defaultFS
2021-04-07 16:38:22,993 [main] INFO  org.apache.pig.backend.hadoop.executionengine.HExecutionEngine - Connecting to hadoop file system at: hdfs://winter2021-comp421-1.cs.mcgill.ca:9000
2021-04-07 16:38:23,853 [main] INFO  org.apache.hadoop.conf.Configuration.deprecation - fs.default.name is deprecated. Instead, use fs.defaultFS
2021-04-07 16:38:24,099 [main] WARN  org.apache.pig.newplan.BaseOperatorPlan - Encountered Warning IMPLICIT_CAST_TO_DOUBLE 2 time(s).
2021-04-07 16:38:24,126 [main] INFO  org.apache.pig.tools.pigstats.ScriptState - Pig features used in the script: HASH_JOIN,GROUP_BY,FILTER
2021-04-07 16:38:24,203 [main] INFO  org.apache.hadoop.conf.Configuration.deprecation - fs.default.name is deprecated. Instead, use fs.defaultFS
2021-04-07 16:38:24,277 [main] INFO  org.apache.pig.data.SchemaTupleBackend - Key [pig.schematuple] was not set... will not generate code.
2021-04-07 16:38:24,339 [main] INFO  org.apache.pig.newplan.logical.optimizer.LogicalPlanOptimizer - {RULES_ENABLED=[AddForEach, ColumnMapKeyPrune, ConstantCalculator, GroupByConstParallelSetter, LimitOptimizer, LoadTypeCastInserter, MergeFilter, MergeForEach, PartitionFilterOptimizer, PredicatePushdownOptimizer, PushDownForEachFlatten, PushUpFilter, SplitFilter, StreamTypeCastInserter]}
2021-04-07 16:38:24,411 [main] INFO  org.apache.pig.newplan.logical.rules.ColumnPruneVisitor - Columns pruned for coviddata: $2, $4, $5
2021-04-07 16:38:24,631 [main] INFO  org.apache.pig.backend.hadoop.executionengine.mapReduceLayer.MRCompiler - File concatenation threshold: 100 optimistic? false
2021-04-07 16:38:24,670 [main] INFO  org.apache.pig.backend.hadoop.executionengine.util.CombinerOptimizerUtil - Choosing to move algebraic foreach to combiner
2021-04-07 16:38:24,700 [main] INFO  org.apache.pig.backend.hadoop.executionengine.mapReduceLayer.MRCompiler$LastInputStreamingOptimizer - Rewrite: POPackage->POForEach to POPackage(JoinPackager)
2021-04-07 16:38:24,714 [main] INFO  org.apache.pig.backend.hadoop.executionengine.mapReduceLayer.MultiQueryOptimizer - MR plan size before optimization: 3
2021-04-07 16:38:24,715 [main] INFO  org.apache.pig.backend.hadoop.executionengine.mapReduceLayer.MultiQueryOptimizer - Merged 1 map-reduce splittees.
2021-04-07 16:38:24,716 [main] INFO  org.apache.pig.backend.hadoop.executionengine.mapReduceLayer.MultiQueryOptimizer - Merged 1 out of total 3 MR operators.
2021-04-07 16:38:24,716 [main] INFO  org.apache.pig.backend.hadoop.executionengine.mapReduceLayer.MultiQueryOptimizer - MR plan size after optimization: 2
2021-04-07 16:38:24,769 [main] INFO  org.apache.hadoop.conf.Configuration.deprecation - fs.default.name is deprecated. Instead, use fs.defaultFS
2021-04-07 16:38:24,827 [main] INFO  org.apache.hadoop.yarn.client.RMProxy - Connecting to ResourceManager at winter2021-comp421-1.cs.mcgill.ca/132.206.51.211:8032
2021-04-07 16:38:25,136 [main] INFO  org.apache.pig.tools.pigstats.mapreduce.MRScriptState - Pig script settings are added to the job
2021-04-07 16:38:25,143 [main] INFO  org.apache.hadoop.conf.Configuration.deprecation - mapred.job.reduce.markreset.buffer.percent is deprecated. Instead, use mapreduce.reduce.markreset.buffer.percent
2021-04-07 16:38:25,143 [main] INFO  org.apache.pig.backend.hadoop.executionengine.mapReduceLayer.JobControlCompiler - mapred.job.reduce.markreset.buffer.percent is not set, set to default 0.3
2021-04-07 16:38:25,143 [main] INFO  org.apache.hadoop.conf.Configuration.deprecation - mapred.output.compress is deprecated. Instead, use mapreduce.output.fileoutputformat.compress
2021-04-07 16:38:25,146 [main] INFO  org.apache.pig.backend.hadoop.executionengine.mapReduceLayer.JobControlCompiler - Reduce phase detected, estimating # of required reducers.
2021-04-07 16:38:25,147 [main] INFO  org.apache.pig.backend.hadoop.executionengine.mapReduceLayer.JobControlCompiler - Using reducer estimator: org.apache.pig.backend.hadoop.executionengine.mapReduceLayer.InputSizeReducerEstimator
2021-04-07 16:38:25,156 [main] INFO  org.apache.pig.backend.hadoop.executionengine.mapReduceLayer.InputSizeReducerEstimator - BytesPerReducer=1000000000 maxReducers=999 totalInputFileSize=171822
2021-04-07 16:38:25,156 [main] INFO  org.apache.pig.backend.hadoop.executionengine.mapReduceLayer.JobControlCompiler - Setting Parallelism to 1
2021-04-07 16:38:25,156 [main] INFO  org.apache.hadoop.conf.Configuration.deprecation - mapred.reduce.tasks is deprecated. Instead, use mapreduce.job.reduces
2021-04-07 16:38:25,157 [main] INFO  org.apache.pig.backend.hadoop.executionengine.mapReduceLayer.JobControlCompiler - This job cannot be converted run in-process
2021-04-07 16:38:25,727 [main] INFO  org.apache.pig.backend.hadoop.executionengine.mapReduceLayer.JobControlCompiler - Added jar file:/data/cs421/softwares/apache/pig-0.15.0/pig-0.15.0-core-h2.jar to DistributedCache through /tmp/temp-1465376403/tmp2129337964/pig-0.15.0-core-h2.jar
2021-04-07 16:38:25,785 [main] INFO  org.apache.pig.backend.hadoop.executionengine.mapReduceLayer.JobControlCompiler - Added jar file:/data/cs421/softwares/apache/pig-0.15.0/lib/automaton-1.11-8.jar to DistributedCache through /tmp/temp-1465376403/tmp2111894428/automaton-1.11-8.jar
2021-04-07 16:38:25,834 [main] INFO  org.apache.pig.backend.hadoop.executionengine.mapReduceLayer.JobControlCompiler - Added jar file:/data/cs421/softwares/apache/pig-0.15.0/lib/antlr-runtime-3.4.jar to DistributedCache through /tmp/temp-1465376403/tmp-1715378381/antlr-runtime-3.4.jar
2021-04-07 16:38:25,888 [main] INFO  org.apache.pig.backend.hadoop.executionengine.mapReduceLayer.JobControlCompiler - Added jar file:/data/cs421/softwares/apache/pig-0.15.0/lib/joda-time-2.5.jar to DistributedCache through /tmp/temp-1465376403/tmp1075290984/joda-time-2.5.jar
2021-04-07 16:38:25,968 [main] INFO  org.apache.pig.backend.hadoop.executionengine.mapReduceLayer.JobControlCompiler - Setting up multi store job
2021-04-07 16:38:25,979 [main] INFO  org.apache.pig.data.SchemaTupleFrontend - Key [pig.schematuple] is false, will not generate code.
2021-04-07 16:38:25,979 [main] INFO  org.apache.pig.data.SchemaTupleFrontend - Starting process to move generated code to distributed cacche
2021-04-07 16:38:25,979 [main] INFO  org.apache.pig.data.SchemaTupleFrontend - Setting key [pig.schematuple.classes] with classes to deserialize []
2021-04-07 16:38:26,160 [main] INFO  org.apache.pig.backend.hadoop.executionengine.mapReduceLayer.MapReduceLauncher - 1 map-reduce job(s) waiting for submission.
2021-04-07 16:38:26,162 [main] INFO  org.apache.hadoop.conf.Configuration.deprecation - mapred.job.tracker.http.address is deprecated. Instead, use mapreduce.jobtracker.http.address
2021-04-07 16:38:26,174 [JobControl] INFO  org.apache.hadoop.yarn.client.RMProxy - Connecting to ResourceManager at winter2021-comp421-1.cs.mcgill.ca/132.206.51.211:8032
2021-04-07 16:38:26,217 [JobControl] INFO  org.apache.hadoop.conf.Configuration.deprecation - fs.default.name is deprecated. Instead, use fs.defaultFS
2021-04-07 16:38:26,410 [JobControl] WARN  org.apache.hadoop.mapreduce.JobResourceUploader - No job jar file set.  User classes may not be found. See Job or Job#setJar(String).
2021-04-07 16:38:26,491 [JobControl] INFO  org.apache.hadoop.mapreduce.lib.input.FileInputFormat - Total input paths to process : 1
2021-04-07 16:38:26,491 [JobControl] INFO  org.apache.pig.backend.hadoop.executionengine.util.MapRedUtil - Total input paths to process : 1
2021-04-07 16:38:26,528 [JobControl] INFO  org.apache.pig.backend.hadoop.executionengine.util.MapRedUtil - Total input paths (combined) to process : 1
2021-04-07 16:38:26,759 [JobControl] INFO  org.apache.hadoop.mapreduce.JobSubmitter - number of splits:1
2021-04-07 16:38:27,013 [JobControl] INFO  org.apache.hadoop.mapreduce.JobSubmitter - Submitting tokens for job: job_1614804978562_10586
2021-04-07 16:38:27,357 [JobControl] INFO  org.apache.hadoop.mapred.YARNRunner - Job jar is not present. Not adding any jar to the list of resources.
2021-04-07 16:38:27,495 [JobControl] INFO  org.apache.hadoop.yarn.client.api.impl.YarnClientImpl - Submitted application application_1614804978562_10586
2021-04-07 16:38:27,540 [JobControl] INFO  org.apache.hadoop.mapreduce.Job - The url to track the job: http://winter2021-comp421-1.cs.mcgill.ca:8088/proxy/application_1614804978562_10586/
2021-04-07 16:38:27,540 [main] INFO  org.apache.pig.backend.hadoop.executionengine.mapReduceLayer.MapReduceLauncher - HadoopJobId: job_1614804978562_10586
2021-04-07 16:38:27,541 [main] INFO  org.apache.pig.backend.hadoop.executionengine.mapReduceLayer.MapReduceLauncher - Processing aliases QuebecOnly,aggquebec,coviddata,dataagg,datagroup
2021-04-07 16:38:27,541 [main] INFO  org.apache.pig.backend.hadoop.executionengine.mapReduceLayer.MapReduceLauncher - detailed locations: M: coviddata[2,12],coviddata[-1,-1],QuebecOnly[5,13],QuebecOnly[-1,-1],aggquebec[9,12],dataagg[13,10],datagroup[11,12] C: dataagg[13,10],datagroup[11,12] R: dataagg[13,10]
2021-04-07 16:38:27,550 [main] INFO  org.apache.pig.backend.hadoop.executionengine.mapReduceLayer.MapReduceLauncher - 0% complete
2021-04-07 16:38:27,550 [main] INFO  org.apache.pig.backend.hadoop.executionengine.mapReduceLayer.MapReduceLauncher - Running jobs are [job_1614804978562_10586]
2021-04-07 16:38:42,434 [main] INFO  org.apache.pig.backend.hadoop.executionengine.mapReduceLayer.MapReduceLauncher - 25% complete
2021-04-07 16:38:42,434 [main] INFO  org.apache.pig.backend.hadoop.executionengine.mapReduceLayer.MapReduceLauncher - Running jobs are [job_1614804978562_10586]
2021-04-07 16:38:49,954 [main] INFO  org.apache.pig.backend.hadoop.executionengine.mapReduceLayer.MapReduceLauncher - 50% complete
2021-04-07 16:38:49,954 [main] INFO  org.apache.pig.backend.hadoop.executionengine.mapReduceLayer.MapReduceLauncher - Running jobs are [job_1614804978562_10586]
2021-04-07 16:38:52,976 [main] INFO  org.apache.hadoop.yarn.client.RMProxy - Connecting to ResourceManager at winter2021-comp421-1.cs.mcgill.ca/132.206.51.211:8032
2021-04-07 16:38:52,987 [main] INFO  org.apache.hadoop.mapred.ClientServiceDelegate - Application state is completed. FinalApplicationStatus=SUCCEEDED. Redirecting to job history server
2021-04-07 16:38:53,267 [main] INFO  org.apache.hadoop.yarn.client.RMProxy - Connecting to ResourceManager at winter2021-comp421-1.cs.mcgill.ca/132.206.51.211:8032
2021-04-07 16:38:53,277 [main] INFO  org.apache.hadoop.mapred.ClientServiceDelegate - Application state is completed. FinalApplicationStatus=SUCCEEDED. Redirecting to job history server
2021-04-07 16:38:53,406 [main] INFO  org.apache.hadoop.yarn.client.RMProxy - Connecting to ResourceManager at winter2021-comp421-1.cs.mcgill.ca/132.206.51.211:8032
2021-04-07 16:38:53,413 [main] INFO  org.apache.hadoop.mapred.ClientServiceDelegate - Application state is completed. FinalApplicationStatus=SUCCEEDED. Redirecting to job history server
2021-04-07 16:38:53,504 [main] INFO  org.apache.pig.tools.pigstats.mapreduce.MRScriptState - Pig script settings are added to the job
2021-04-07 16:38:53,505 [main] INFO  org.apache.pig.backend.hadoop.executionengine.mapReduceLayer.JobControlCompiler - mapred.job.reduce.markreset.buffer.percent is not set, set to default 0.3
2021-04-07 16:38:53,507 [main] INFO  org.apache.pig.backend.hadoop.executionengine.mapReduceLayer.JobControlCompiler - Reduce phase detected, estimating # of required reducers.
2021-04-07 16:38:53,507 [main] INFO  org.apache.pig.backend.hadoop.executionengine.mapReduceLayer.JobControlCompiler - Using reducer estimator: org.apache.pig.backend.hadoop.executionengine.mapReduceLayer.InputSizeReducerEstimator
2021-04-07 16:38:53,544 [main] INFO  org.apache.pig.backend.hadoop.executionengine.mapReduceLayer.InputSizeReducerEstimator - BytesPerReducer=1000000000 maxReducers=999 totalInputFileSize=10544
2021-04-07 16:38:53,544 [main] INFO  org.apache.pig.backend.hadoop.executionengine.mapReduceLayer.JobControlCompiler - Setting Parallelism to 1
2021-04-07 16:38:53,544 [main] INFO  org.apache.pig.backend.hadoop.executionengine.mapReduceLayer.JobControlCompiler - This job cannot be converted run in-process
2021-04-07 16:38:53,761 [main] INFO  org.apache.pig.backend.hadoop.executionengine.mapReduceLayer.JobControlCompiler - Added jar file:/data/cs421/softwares/apache/pig-0.15.0/pig-0.15.0-core-h2.jar to DistributedCache through /tmp/temp-1465376403/tmp2022097310/pig-0.15.0-core-h2.jar
2021-04-07 16:38:53,815 [main] INFO  org.apache.pig.backend.hadoop.executionengine.mapReduceLayer.JobControlCompiler - Added jar file:/data/cs421/softwares/apache/pig-0.15.0/lib/automaton-1.11-8.jar to DistributedCache through /tmp/temp-1465376403/tmp256609766/automaton-1.11-8.jar
2021-04-07 16:38:53,860 [main] INFO  org.apache.pig.backend.hadoop.executionengine.mapReduceLayer.JobControlCompiler - Added jar file:/data/cs421/softwares/apache/pig-0.15.0/lib/antlr-runtime-3.4.jar to DistributedCache through /tmp/temp-1465376403/tmp-1623404046/antlr-runtime-3.4.jar
2021-04-07 16:38:53,912 [main] INFO  org.apache.pig.backend.hadoop.executionengine.mapReduceLayer.JobControlCompiler - Added jar file:/data/cs421/softwares/apache/pig-0.15.0/lib/joda-time-2.5.jar to DistributedCache through /tmp/temp-1465376403/tmp-1785124673/joda-time-2.5.jar
2021-04-07 16:38:53,932 [main] INFO  org.apache.pig.backend.hadoop.executionengine.mapReduceLayer.JobControlCompiler - Setting up single store job
2021-04-07 16:38:53,933 [main] INFO  org.apache.pig.data.SchemaTupleFrontend - Key [pig.schematuple] is false, will not generate code.
2021-04-07 16:38:53,934 [main] INFO  org.apache.pig.data.SchemaTupleFrontend - Starting process to move generated code to distributed cacche
2021-04-07 16:38:53,934 [main] INFO  org.apache.pig.data.SchemaTupleFrontend - Setting key [pig.schematuple.classes] with classes to deserialize []
2021-04-07 16:38:53,976 [main] INFO  org.apache.pig.backend.hadoop.executionengine.mapReduceLayer.MapReduceLauncher - 1 map-reduce job(s) waiting for submission.
2021-04-07 16:38:53,981 [JobControl] INFO  org.apache.hadoop.yarn.client.RMProxy - Connecting to ResourceManager at winter2021-comp421-1.cs.mcgill.ca/132.206.51.211:8032
2021-04-07 16:38:53,993 [JobControl] INFO  org.apache.hadoop.conf.Configuration.deprecation - fs.default.name is deprecated. Instead, use fs.defaultFS
2021-04-07 16:38:54,014 [JobControl] WARN  org.apache.hadoop.mapreduce.JobResourceUploader - No job jar file set.  User classes may not be found. See Job or Job#setJar(String).
2021-04-07 16:38:54,059 [JobControl] INFO  org.apache.hadoop.mapreduce.lib.input.FileInputFormat - Total input paths to process : 1
2021-04-07 16:38:54,059 [JobControl] INFO  org.apache.pig.backend.hadoop.executionengine.util.MapRedUtil - Total input paths to process : 1
2021-04-07 16:38:54,060 [JobControl] INFO  org.apache.pig.backend.hadoop.executionengine.util.MapRedUtil - Total input paths (combined) to process : 1
2021-04-07 16:38:54,069 [JobControl] INFO  org.apache.hadoop.mapreduce.lib.input.FileInputFormat - Total input paths to process : 1
2021-04-07 16:38:54,069 [JobControl] INFO  org.apache.pig.backend.hadoop.executionengine.util.MapRedUtil - Total input paths to process : 1
2021-04-07 16:38:54,069 [JobControl] INFO  org.apache.pig.backend.hadoop.executionengine.util.MapRedUtil - Total input paths (combined) to process : 1
2021-04-07 16:38:54,231 [JobControl] INFO  org.apache.hadoop.mapreduce.JobSubmitter - number of splits:2
2021-04-07 16:38:54,294 [JobControl] INFO  org.apache.hadoop.mapreduce.JobSubmitter - Submitting tokens for job: job_1614804978562_10587
2021-04-07 16:38:54,299 [JobControl] INFO  org.apache.hadoop.mapred.YARNRunner - Job jar is not present. Not adding any jar to the list of resources.
2021-04-07 16:38:54,339 [JobControl] INFO  org.apache.hadoop.yarn.client.api.impl.YarnClientImpl - Submitted application application_1614804978562_10587
2021-04-07 16:38:54,343 [JobControl] INFO  org.apache.hadoop.mapreduce.Job - The url to track the job: http://winter2021-comp421-1.cs.mcgill.ca:8088/proxy/application_1614804978562_10587/
2021-04-07 16:38:54,479 [main] INFO  org.apache.pig.backend.hadoop.executionengine.mapReduceLayer.MapReduceLauncher - HadoopJobId: job_1614804978562_10587
2021-04-07 16:38:54,480 [main] INFO  org.apache.pig.backend.hadoop.executionengine.mapReduceLayer.MapReduceLauncher - Processing aliases QuebecOnly,combineddata,dataQuebec,datafinal,dataresult
2021-04-07 16:38:54,480 [main] INFO  org.apache.pig.backend.hadoop.executionengine.mapReduceLayer.MapReduceLauncher - detailed locations: M: QuebecOnly[-1,-1],dataQuebec[7,13],combineddata[15,15],combineddata[15,15] C:  R: datafinal[17,12],dataresult[19,13]
2021-04-07 16:39:08,646 [main] INFO  org.apache.pig.backend.hadoop.executionengine.mapReduceLayer.MapReduceLauncher - 75% complete
2021-04-07 16:39:08,646 [main] INFO  org.apache.pig.backend.hadoop.executionengine.mapReduceLayer.MapReduceLauncher - Running jobs are [job_1614804978562_10587]
2021-04-07 16:39:14,654 [main] INFO  org.apache.pig.backend.hadoop.executionengine.mapReduceLayer.MapReduceLauncher - Running jobs are [job_1614804978562_10587]
2021-04-07 16:39:19,691 [main] INFO  org.apache.hadoop.yarn.client.RMProxy - Connecting to ResourceManager at winter2021-comp421-1.cs.mcgill.ca/132.206.51.211:8032
2021-04-07 16:39:19,701 [main] INFO  org.apache.hadoop.mapred.ClientServiceDelegate - Application state is completed. FinalApplicationStatus=SUCCEEDED. Redirecting to job history server
2021-04-07 16:39:19,826 [main] INFO  org.apache.hadoop.yarn.client.RMProxy - Connecting to ResourceManager at winter2021-comp421-1.cs.mcgill.ca/132.206.51.211:8032
2021-04-07 16:39:19,835 [main] INFO  org.apache.hadoop.mapred.ClientServiceDelegate - Application state is completed. FinalApplicationStatus=SUCCEEDED. Redirecting to job history server
2021-04-07 16:39:19,906 [main] INFO  org.apache.hadoop.yarn.client.RMProxy - Connecting to ResourceManager at winter2021-comp421-1.cs.mcgill.ca/132.206.51.211:8032
2021-04-07 16:39:19,912 [main] INFO  org.apache.hadoop.mapred.ClientServiceDelegate - Application state is completed. FinalApplicationStatus=SUCCEEDED. Redirecting to job history server
2021-04-07 16:39:19,967 [main] INFO  org.apache.pig.backend.hadoop.executionengine.mapReduceLayer.MapReduceLauncher - 100% complete
2021-04-07 16:39:20,005 [main] INFO  org.apache.pig.tools.pigstats.mapreduce.SimplePigStats - Script Statistics: 

HadoopVersion	PigVersion	UserId	StartedAt	FinishedAt	Features
2.7.2	0.15.0	mgurka	2021-04-07 16:38:25	2021-04-07 16:39:20	HASH_JOIN,GROUP_BY,FILTER

Success!

Job Stats (time in seconds):
JobId	Maps	Reduces	MaxMapTime	MinMapTime	AvgMapTime	MedianMapTime	MaxReduceTime	MinReduceTime	AvgReduceTime	MedianReducetime	Alias	Feature	Outputs
job_1614804978562_10586	1	1	4	4	4	4	4	4	4	4	QuebecOnly,aggquebec,coviddata,dataagg,datagroup	MULTI_QUERY,COMBINER	
job_1614804978562_10587	2	1	4	4	4	4	3	3	3	3	QuebecOnly,combineddata,dataQuebec,datafinal,dataresult	HASH_JOIN	hdfs://winter2021-comp421-1.cs.mcgill.ca:9000/tmp/temp-1465376403/tmp2072946045,

Input(s):
Successfully read 4864 records (172217 bytes) from: "/data/Covid19Canada.csv"

Output(s):
Successfully stored 13 records (369 bytes) in: "hdfs://winter2021-comp421-1.cs.mcgill.ca:9000/tmp/temp-1465376403/tmp2072946045"

Counters:
Total records written : 13
Total bytes written : 369
Spillable Memory Manager spill count : 0
Total bags proactively spilled: 0
Total records proactively spilled: 0

Job DAG:
job_1614804978562_10586	->	job_1614804978562_10587,
job_1614804978562_10587


2021-04-07 16:39:20,009 [main] INFO  org.apache.hadoop.yarn.client.RMProxy - Connecting to ResourceManager at winter2021-comp421-1.cs.mcgill.ca/132.206.51.211:8032
2021-04-07 16:39:20,015 [main] INFO  org.apache.hadoop.mapred.ClientServiceDelegate - Application state is completed. FinalApplicationStatus=SUCCEEDED. Redirecting to job history server
2021-04-07 16:39:20,074 [main] INFO  org.apache.hadoop.yarn.client.RMProxy - Connecting to ResourceManager at winter2021-comp421-1.cs.mcgill.ca/132.206.51.211:8032
2021-04-07 16:39:20,080 [main] INFO  org.apache.hadoop.mapred.ClientServiceDelegate - Application state is completed. FinalApplicationStatus=SUCCEEDED. Redirecting to job history server
2021-04-07 16:39:20,144 [main] INFO  org.apache.hadoop.yarn.client.RMProxy - Connecting to ResourceManager at winter2021-comp421-1.cs.mcgill.ca/132.206.51.211:8032
2021-04-07 16:39:20,150 [main] INFO  org.apache.hadoop.mapred.ClientServiceDelegate - Application state is completed. FinalApplicationStatus=SUCCEEDED. Redirecting to job history server
2021-04-07 16:39:20,224 [main] INFO  org.apache.hadoop.yarn.client.RMProxy - Connecting to ResourceManager at winter2021-comp421-1.cs.mcgill.ca/132.206.51.211:8032
2021-04-07 16:39:20,230 [main] INFO  org.apache.hadoop.mapred.ClientServiceDelegate - Application state is completed. FinalApplicationStatus=SUCCEEDED. Redirecting to job history server
2021-04-07 16:39:20,297 [main] INFO  org.apache.hadoop.yarn.client.RMProxy - Connecting to ResourceManager at winter2021-comp421-1.cs.mcgill.ca/132.206.51.211:8032
2021-04-07 16:39:20,302 [main] INFO  org.apache.hadoop.mapred.ClientServiceDelegate - Application state is completed. FinalApplicationStatus=SUCCEEDED. Redirecting to job history server
2021-04-07 16:39:20,362 [main] INFO  org.apache.hadoop.yarn.client.RMProxy - Connecting to ResourceManager at winter2021-comp421-1.cs.mcgill.ca/132.206.51.211:8032
2021-04-07 16:39:20,369 [main] INFO  org.apache.hadoop.mapred.ClientServiceDelegate - Application state is completed. FinalApplicationStatus=SUCCEEDED. Redirecting to job history server
2021-04-07 16:39:20,423 [main] INFO  org.apache.pig.backend.hadoop.executionengine.mapReduceLayer.MapReduceLauncher - Success!
2021-04-07 16:39:20,428 [main] INFO  org.apache.hadoop.conf.Configuration.deprecation - fs.default.name is deprecated. Instead, use fs.defaultFS
2021-04-07 16:39:20,430 [main] INFO  org.apache.pig.data.SchemaTupleBackend - Key [pig.schematuple] was not set... will not generate code.
2021-04-07 16:39:20,437 [main] INFO  org.apache.hadoop.mapreduce.lib.input.FileInputFormat - Total input paths to process : 1
2021-04-07 16:39:20,437 [main] INFO  org.apache.pig.backend.hadoop.executionengine.util.MapRedUtil - Total input paths to process : 1
(2020-05-02,114,0.010797499526425459)
(2020-05-06,112,0.01060806971017238)
(2020-05-14,131,0.012407652964576625)
(2020-05-07,121,0.011460503883311234)
(2020-05-10,142,0.013449516953968555)
(2020-05-31,202,0.0191324114415609)
(2020-04-16,143,0.013544231862095094)
(2020-04-23,109,0.010323924985792763)
(2020-05-05,118,0.011176359158931616)
(2020-04-25,106,0.010039780261413146)
(2020-04-18,117,0.011081644250805076)
(2020-05-12,118,0.011176359158931616)
(2020-05-01,163,0.015438530024625877)
2021-04-07 16:39:20,526 [main] INFO  org.apache.pig.Main - Pig script completed in 58 seconds and 319 milliseconds (58319 ms)
